[2022-01-31 09:37:28,914] multiqc                                            [DEBUG  ]  This is MultiQC v1.11
[2022-01-31 09:37:28,914] multiqc                                            [DEBUG  ]  No MultiQC config found: /home/olkuka/anaconda3/envs/bioinf/lib/python3.9/site-packages/multiqc_config.yaml
[2022-01-31 09:37:28,914] multiqc                                            [DEBUG  ]  No MultiQC config found: /home/olkuka/.multiqc_config.yaml
[2022-01-31 09:37:28,914] multiqc                                            [DEBUG  ]  No MultiQC config found: multiqc_config.yaml
[2022-01-31 09:37:28,914] multiqc                                            [DEBUG  ]  Command used: run_mqc.py
[2022-01-31 09:37:29,284] multiqc                                            [DEBUG  ]  Latest MultiQC version is v1.11
[2022-01-31 09:37:29,284] multiqc                                            [DEBUG  ]  Command     : run_mqc.py
[2022-01-31 09:37:29,284] multiqc                                            [DEBUG  ]  Working dir : /home/olkuka/Pulpit/Studia/Praca inżynierska
[2022-01-31 09:37:29,284] multiqc                                            [DEBUG  ]  Template    : default
[2022-01-31 09:37:29,284] multiqc                                            [DEBUG  ]  Running Python 3.9.4 (default, Apr  9 2021, 16:34:09)  [GCC 7.3.0]
[2022-01-31 09:37:29,285] multiqc                                            [DEBUG  ]  Analysing modules: custom_content, ccs, ngsderive, purple, conpair, lima, peddy, somalier, methylQA, mosdepth, phantompeakqualtools, qualimap, preseq, quast, qorts, rna_seqc, rockhopper, rsem, rseqc, busco, bustools, goleft_indexcov, gffcompare, disambiguate, supernova, deeptools, sargasso, verifybamid, mirtrace, happy, mirtop, sambamba, homer, hops, macs2, theta2, snpeff, gatk, htseq, bcftools, featureCounts, fgbio, dragen, dedup, damageprofiler, biobambam2, jcvi, mtnucratio, picard, vep, sentieon, prokka, qc3C, nanostat, samblaster, samtools, sexdeterrmine, eigenstratdatabasetools, bamtools, jellyfish, vcftools, longranger, stacks, varscan2, snippy, bbmap, bismark, biscuit, hicexplorer, hicup, hicpro, salmon, kallisto, slamdunk, star, hisat2, tophat, bowtie2, bowtie1, snpsplit, odgi, pangolin, kat, leehom, adapterRemoval, clipandmerge, cutadapt, flexbar, kaiju, kraken, malt, trimmomatic, sickle, skewer, sortmerna, biobloomtools, fastq_screen, afterqc, fastp, fastqc, pychopper, pycoqc, minionqc, multivcfanalyzer, clusterflow, bcl2fastq, bclconvert, interop, ivar, flash, seqyclean, optitype
[2022-01-31 09:37:29,285] multiqc                                            [DEBUG  ]  Using temporary directory for creating report: /tmp/tmpl4msczhx
[2022-01-31 09:37:29,336] multiqc                                            [INFO   ]  Search path : /home/olkuka/Pulpit/Studia/Praca inżynierska/data
[2022-01-31 09:37:29,358] multiqc                                            [DEBUG  ]  File ignored by ccs/v4 because it exceeded search pattern filesize limit: SRR3192658_2_fastqc.html
[2022-01-31 09:37:29,359] multiqc                                            [DEBUG  ]  File ignored by hicexplorer because it exceeded search pattern filesize limit: SRR3192658_2_fastqc.html
[2022-01-31 09:37:29,359] multiqc                                            [DEBUG  ]  File ignored by nanostat because it exceeded search pattern filesize limit: SRR3192658_2_fastqc.html
[2022-01-31 09:37:29,359] multiqc                                            [DEBUG  ]  File ignored by lima/summary because it exceeded search pattern filesize limit: SRR3192658_2_fastqc.html
[2022-01-31 09:37:29,361] multiqc                                            [DEBUG  ]  File ignored by vep/vep_txt because it exceeded search pattern filesize limit: SRR3192658_2_fastqc.html
[2022-01-31 09:37:29,361] multiqc                                            [DEBUG  ]  File ignored by longranger/invocation because it exceeded search pattern filesize limit: SRR3192658_2_fastqc.html
[2022-01-31 09:37:29,389] multiqc                                            [DEBUG  ]  File ignored by ccs/v4 because it exceeded search pattern filesize limit: SRR3192398_1_fastqc.html
[2022-01-31 09:37:29,390] multiqc                                            [DEBUG  ]  File ignored by hicexplorer because it exceeded search pattern filesize limit: SRR3192398_1_fastqc.html
[2022-01-31 09:37:29,390] multiqc                                            [DEBUG  ]  File ignored by nanostat because it exceeded search pattern filesize limit: SRR3192398_1_fastqc.html
[2022-01-31 09:37:29,390] multiqc                                            [DEBUG  ]  File ignored by lima/summary because it exceeded search pattern filesize limit: SRR3192398_1_fastqc.html
[2022-01-31 09:37:29,391] multiqc                                            [DEBUG  ]  File ignored by vep/vep_txt because it exceeded search pattern filesize limit: SRR3192398_1_fastqc.html
[2022-01-31 09:37:29,391] multiqc                                            [DEBUG  ]  File ignored by longranger/invocation because it exceeded search pattern filesize limit: SRR3192398_1_fastqc.html
[2022-01-31 09:37:29,417] multiqc                                            [DEBUG  ]  File ignored by ccs/v4 because it exceeded search pattern filesize limit: SRR3192401_2_val_2_fastqc.html
[2022-01-31 09:37:29,418] multiqc                                            [DEBUG  ]  File ignored by hicexplorer because it exceeded search pattern filesize limit: SRR3192401_2_val_2_fastqc.html
[2022-01-31 09:37:29,418] multiqc                                            [DEBUG  ]  File ignored by nanostat because it exceeded search pattern filesize limit: SRR3192401_2_val_2_fastqc.html
[2022-01-31 09:37:29,418] multiqc                                            [DEBUG  ]  File ignored by lima/summary because it exceeded search pattern filesize limit: SRR3192401_2_val_2_fastqc.html
[2022-01-31 09:37:29,419] multiqc                                            [DEBUG  ]  File ignored by vep/vep_txt because it exceeded search pattern filesize limit: SRR3192401_2_val_2_fastqc.html
[2022-01-31 09:37:29,419] multiqc                                            [DEBUG  ]  File ignored by longranger/invocation because it exceeded search pattern filesize limit: SRR3192401_2_val_2_fastqc.html
[2022-01-31 09:37:29,451] multiqc                                            [DEBUG  ]  File ignored by ccs/v4 because it exceeded search pattern filesize limit: SRR3192396_2.fastq.gz_trimming_report.txt
[2022-01-31 09:37:29,452] multiqc                                            [DEBUG  ]  File ignored by lima/summary because it exceeded search pattern filesize limit: SRR3192396_2.fastq.gz_trimming_report.txt
[2022-01-31 09:37:29,453] multiqc                                            [DEBUG  ]  File ignored by longranger/invocation because it exceeded search pattern filesize limit: SRR3192396_2.fastq.gz_trimming_report.txt
[2022-01-31 09:37:29,461] multiqc                                            [DEBUG  ]  File ignored by ccs/v4 because it exceeded search pattern filesize limit: SRR3192658_1Log.out
[2022-01-31 09:37:29,461] multiqc                                            [DEBUG  ]  File ignored by hicexplorer because it exceeded search pattern filesize limit: SRR3192658_1Log.out
[2022-01-31 09:37:29,461] multiqc                                            [DEBUG  ]  File ignored by nanostat because it exceeded search pattern filesize limit: SRR3192658_1Log.out
[2022-01-31 09:37:29,461] multiqc                                            [DEBUG  ]  File ignored by lima/summary because it exceeded search pattern filesize limit: SRR3192658_1Log.out
[2022-01-31 09:37:29,462] multiqc                                            [DEBUG  ]  File ignored by longranger/invocation because it exceeded search pattern filesize limit: SRR3192658_1Log.out
[2022-01-31 09:37:29,470] multiqc                                            [DEBUG  ]  File ignored by ccs/v4 because it exceeded search pattern filesize limit: SRR3192657_1_val_1_fastqc.html
[2022-01-31 09:37:29,471] multiqc                                            [DEBUG  ]  File ignored by hicexplorer because it exceeded search pattern filesize limit: SRR3192657_1_val_1_fastqc.html
[2022-01-31 09:37:29,471] multiqc                                            [DEBUG  ]  File ignored by nanostat because it exceeded search pattern filesize limit: SRR3192657_1_val_1_fastqc.html
[2022-01-31 09:37:29,471] multiqc                                            [DEBUG  ]  File ignored by lima/summary because it exceeded search pattern filesize limit: SRR3192657_1_val_1_fastqc.html
[2022-01-31 09:37:29,472] multiqc                                            [DEBUG  ]  File ignored by vep/vep_txt because it exceeded search pattern filesize limit: SRR3192657_1_val_1_fastqc.html
[2022-01-31 09:37:29,472] multiqc                                            [DEBUG  ]  File ignored by longranger/invocation because it exceeded search pattern filesize limit: SRR3192657_1_val_1_fastqc.html
[2022-01-31 09:37:29,499] multiqc                                            [DEBUG  ]  File ignored by ccs/v4 because it exceeded search pattern filesize limit: SRR3192396_2_val_2_fastqc.html
[2022-01-31 09:37:29,499] multiqc                                            [DEBUG  ]  File ignored by hicexplorer because it exceeded search pattern filesize limit: SRR3192396_2_val_2_fastqc.html
[2022-01-31 09:37:29,499] multiqc                                            [DEBUG  ]  File ignored by nanostat because it exceeded search pattern filesize limit: SRR3192396_2_val_2_fastqc.html
[2022-01-31 09:37:29,499] multiqc                                            [DEBUG  ]  File ignored by lima/summary because it exceeded search pattern filesize limit: SRR3192396_2_val_2_fastqc.html
[2022-01-31 09:37:29,500] multiqc                                            [DEBUG  ]  File ignored by vep/vep_txt because it exceeded search pattern filesize limit: SRR3192396_2_val_2_fastqc.html
[2022-01-31 09:37:29,500] multiqc                                            [DEBUG  ]  File ignored by longranger/invocation because it exceeded search pattern filesize limit: SRR3192396_2_val_2_fastqc.html
[2022-01-31 09:37:29,526] multiqc                                            [DEBUG  ]  File ignored by ccs/v4 because it exceeded search pattern filesize limit: SRR3192400_1_val_1_fastqc.html
[2022-01-31 09:37:29,527] multiqc                                            [DEBUG  ]  File ignored by hicexplorer because it exceeded search pattern filesize limit: SRR3192400_1_val_1_fastqc.html
[2022-01-31 09:37:29,527] multiqc                                            [DEBUG  ]  File ignored by nanostat because it exceeded search pattern filesize limit: SRR3192400_1_val_1_fastqc.html
[2022-01-31 09:37:29,527] multiqc                                            [DEBUG  ]  File ignored by lima/summary because it exceeded search pattern filesize limit: SRR3192400_1_val_1_fastqc.html
[2022-01-31 09:37:29,528] multiqc                                            [DEBUG  ]  File ignored by vep/vep_txt because it exceeded search pattern filesize limit: SRR3192400_1_val_1_fastqc.html
[2022-01-31 09:37:29,528] multiqc                                            [DEBUG  ]  File ignored by longranger/invocation because it exceeded search pattern filesize limit: SRR3192400_1_val_1_fastqc.html
[2022-01-31 09:37:29,556] multiqc                                            [DEBUG  ]  File ignored by ccs/v4 because it exceeded search pattern filesize limit: SRR3192397_1_val_1_fastqc.html
[2022-01-31 09:37:29,557] multiqc                                            [DEBUG  ]  File ignored by hicexplorer because it exceeded search pattern filesize limit: SRR3192397_1_val_1_fastqc.html
[2022-01-31 09:37:29,557] multiqc                                            [DEBUG  ]  File ignored by nanostat because it exceeded search pattern filesize limit: SRR3192397_1_val_1_fastqc.html
[2022-01-31 09:37:29,557] multiqc                                            [DEBUG  ]  File ignored by lima/summary because it exceeded search pattern filesize limit: SRR3192397_1_val_1_fastqc.html
[2022-01-31 09:37:29,558] multiqc                                            [DEBUG  ]  File ignored by vep/vep_txt because it exceeded search pattern filesize limit: SRR3192397_1_val_1_fastqc.html
[2022-01-31 09:37:29,558] multiqc                                            [DEBUG  ]  File ignored by longranger/invocation because it exceeded search pattern filesize limit: SRR3192397_1_val_1_fastqc.html
[2022-01-31 09:37:29,585] multiqc                                            [DEBUG  ]  File ignored by ccs/v4 because it exceeded search pattern filesize limit: SRR3192397_2_fastqc.html
[2022-01-31 09:37:29,585] multiqc                                            [DEBUG  ]  File ignored by hicexplorer because it exceeded search pattern filesize limit: SRR3192397_2_fastqc.html
[2022-01-31 09:37:29,585] multiqc                                            [DEBUG  ]  File ignored by nanostat because it exceeded search pattern filesize limit: SRR3192397_2_fastqc.html
[2022-01-31 09:37:29,585] multiqc                                            [DEBUG  ]  File ignored by lima/summary because it exceeded search pattern filesize limit: SRR3192397_2_fastqc.html
[2022-01-31 09:37:29,586] multiqc                                            [DEBUG  ]  File ignored by vep/vep_txt because it exceeded search pattern filesize limit: SRR3192397_2_fastqc.html
[2022-01-31 09:37:29,586] multiqc                                            [DEBUG  ]  File ignored by longranger/invocation because it exceeded search pattern filesize limit: SRR3192397_2_fastqc.html
[2022-01-31 09:37:29,611] multiqc                                            [DEBUG  ]  File ignored by ccs/v4 because it exceeded search pattern filesize limit: SRR3192398_1Log.progress.out
[2022-01-31 09:37:29,611] multiqc                                            [DEBUG  ]  File ignored by hicexplorer because it exceeded search pattern filesize limit: SRR3192398_1Log.progress.out
[2022-01-31 09:37:29,611] multiqc                                            [DEBUG  ]  File ignored by nanostat because it exceeded search pattern filesize limit: SRR3192398_1Log.progress.out
[2022-01-31 09:37:29,611] multiqc                                            [DEBUG  ]  File ignored by lima/summary because it exceeded search pattern filesize limit: SRR3192398_1Log.progress.out
[2022-01-31 09:37:29,612] multiqc                                            [DEBUG  ]  File ignored by longranger/invocation because it exceeded search pattern filesize limit: SRR3192398_1Log.progress.out
[2022-01-31 09:37:29,616] multiqc                                            [DEBUG  ]  File ignored by ccs/v4 because it exceeded search pattern filesize limit: SRR3192400_1_fastqc.html
[2022-01-31 09:37:29,616] multiqc                                            [DEBUG  ]  File ignored by hicexplorer because it exceeded search pattern filesize limit: SRR3192400_1_fastqc.html
[2022-01-31 09:37:29,616] multiqc                                            [DEBUG  ]  File ignored by nanostat because it exceeded search pattern filesize limit: SRR3192400_1_fastqc.html
[2022-01-31 09:37:29,616] multiqc                                            [DEBUG  ]  File ignored by lima/summary because it exceeded search pattern filesize limit: SRR3192400_1_fastqc.html
[2022-01-31 09:37:29,617] multiqc                                            [DEBUG  ]  File ignored by vep/vep_txt because it exceeded search pattern filesize limit: SRR3192400_1_fastqc.html
[2022-01-31 09:37:29,617] multiqc                                            [DEBUG  ]  File ignored by longranger/invocation because it exceeded search pattern filesize limit: SRR3192400_1_fastqc.html
[2022-01-31 09:37:29,643] multiqc                                            [DEBUG  ]  File ignored by ccs/v4 because it exceeded search pattern filesize limit: SRR3192398_1_val_1_fastqc.html
[2022-01-31 09:37:29,643] multiqc                                            [DEBUG  ]  File ignored by hicexplorer because it exceeded search pattern filesize limit: SRR3192398_1_val_1_fastqc.html
[2022-01-31 09:37:29,643] multiqc                                            [DEBUG  ]  File ignored by nanostat because it exceeded search pattern filesize limit: SRR3192398_1_val_1_fastqc.html
[2022-01-31 09:37:29,643] multiqc                                            [DEBUG  ]  File ignored by lima/summary because it exceeded search pattern filesize limit: SRR3192398_1_val_1_fastqc.html
[2022-01-31 09:37:29,644] multiqc                                            [DEBUG  ]  File ignored by vep/vep_txt because it exceeded search pattern filesize limit: SRR3192398_1_val_1_fastqc.html
[2022-01-31 09:37:29,644] multiqc                                            [DEBUG  ]  File ignored by longranger/invocation because it exceeded search pattern filesize limit: SRR3192398_1_val_1_fastqc.html
[2022-01-31 09:37:29,673] multiqc                                            [DEBUG  ]  File ignored by ccs/v4 because it exceeded search pattern filesize limit: SRR3192401_1Log.out
[2022-01-31 09:37:29,673] multiqc                                            [DEBUG  ]  File ignored by hicexplorer because it exceeded search pattern filesize limit: SRR3192401_1Log.out
[2022-01-31 09:37:29,673] multiqc                                            [DEBUG  ]  File ignored by nanostat because it exceeded search pattern filesize limit: SRR3192401_1Log.out
[2022-01-31 09:37:29,673] multiqc                                            [DEBUG  ]  File ignored by lima/summary because it exceeded search pattern filesize limit: SRR3192401_1Log.out
[2022-01-31 09:37:29,674] multiqc                                            [DEBUG  ]  File ignored by longranger/invocation because it exceeded search pattern filesize limit: SRR3192401_1Log.out
[2022-01-31 09:37:29,682] multiqc                                            [DEBUG  ]  File ignored by ccs/v4 because it exceeded search pattern filesize limit: SRR3192401_1_fastqc.html
[2022-01-31 09:37:29,683] multiqc                                            [DEBUG  ]  File ignored by hicexplorer because it exceeded search pattern filesize limit: SRR3192401_1_fastqc.html
[2022-01-31 09:37:29,683] multiqc                                            [DEBUG  ]  File ignored by nanostat because it exceeded search pattern filesize limit: SRR3192401_1_fastqc.html
[2022-01-31 09:37:29,683] multiqc                                            [DEBUG  ]  File ignored by lima/summary because it exceeded search pattern filesize limit: SRR3192401_1_fastqc.html
[2022-01-31 09:37:29,684] multiqc                                            [DEBUG  ]  File ignored by vep/vep_txt because it exceeded search pattern filesize limit: SRR3192401_1_fastqc.html
[2022-01-31 09:37:29,684] multiqc                                            [DEBUG  ]  File ignored by longranger/invocation because it exceeded search pattern filesize limit: SRR3192401_1_fastqc.html
[2022-01-31 09:37:29,709] multiqc                                            [DEBUG  ]  File ignored by ccs/v4 because it exceeded search pattern filesize limit: SRR3192658_1_val_1_fastqc.html
[2022-01-31 09:37:29,710] multiqc                                            [DEBUG  ]  File ignored by hicexplorer because it exceeded search pattern filesize limit: SRR3192658_1_val_1_fastqc.html
[2022-01-31 09:37:29,710] multiqc                                            [DEBUG  ]  File ignored by nanostat because it exceeded search pattern filesize limit: SRR3192658_1_val_1_fastqc.html
[2022-01-31 09:37:29,710] multiqc                                            [DEBUG  ]  File ignored by lima/summary because it exceeded search pattern filesize limit: SRR3192658_1_val_1_fastqc.html
[2022-01-31 09:37:29,711] multiqc                                            [DEBUG  ]  File ignored by vep/vep_txt because it exceeded search pattern filesize limit: SRR3192658_1_val_1_fastqc.html
[2022-01-31 09:37:29,711] multiqc                                            [DEBUG  ]  File ignored by longranger/invocation because it exceeded search pattern filesize limit: SRR3192658_1_val_1_fastqc.html
[2022-01-31 09:37:29,740] multiqc                                            [DEBUG  ]  File ignored by ccs/v4 because it exceeded search pattern filesize limit: SRR3192396_1_val_1_fastqc.html
[2022-01-31 09:37:29,741] multiqc                                            [DEBUG  ]  File ignored by hicexplorer because it exceeded search pattern filesize limit: SRR3192396_1_val_1_fastqc.html
[2022-01-31 09:37:29,741] multiqc                                            [DEBUG  ]  File ignored by nanostat because it exceeded search pattern filesize limit: SRR3192396_1_val_1_fastqc.html
[2022-01-31 09:37:29,741] multiqc                                            [DEBUG  ]  File ignored by lima/summary because it exceeded search pattern filesize limit: SRR3192396_1_val_1_fastqc.html
[2022-01-31 09:37:29,742] multiqc                                            [DEBUG  ]  File ignored by vep/vep_txt because it exceeded search pattern filesize limit: SRR3192396_1_val_1_fastqc.html
[2022-01-31 09:37:29,742] multiqc                                            [DEBUG  ]  File ignored by longranger/invocation because it exceeded search pattern filesize limit: SRR3192396_1_val_1_fastqc.html
[2022-01-31 09:37:29,772] multiqc                                            [DEBUG  ]  File ignored by ccs/v4 because it exceeded search pattern filesize limit: SRR3192398_1.fastq.gz_trimming_report.txt
[2022-01-31 09:37:29,773] multiqc                                            [DEBUG  ]  File ignored by lima/summary because it exceeded search pattern filesize limit: SRR3192398_1.fastq.gz_trimming_report.txt
[2022-01-31 09:37:29,774] multiqc                                            [DEBUG  ]  File ignored by longranger/invocation because it exceeded search pattern filesize limit: SRR3192398_1.fastq.gz_trimming_report.txt
[2022-01-31 09:37:29,778] multiqc                                            [DEBUG  ]  File ignored by ccs/v4 because it exceeded search pattern filesize limit: SRR3192397_1Log.out
[2022-01-31 09:37:29,778] multiqc                                            [DEBUG  ]  File ignored by hicexplorer because it exceeded search pattern filesize limit: SRR3192397_1Log.out
[2022-01-31 09:37:29,778] multiqc                                            [DEBUG  ]  File ignored by nanostat because it exceeded search pattern filesize limit: SRR3192397_1Log.out
[2022-01-31 09:37:29,778] multiqc                                            [DEBUG  ]  File ignored by lima/summary because it exceeded search pattern filesize limit: SRR3192397_1Log.out
[2022-01-31 09:37:29,779] multiqc                                            [DEBUG  ]  File ignored by longranger/invocation because it exceeded search pattern filesize limit: SRR3192397_1Log.out
[2022-01-31 09:37:29,788] multiqc                                            [DEBUG  ]  File ignored by ccs/v4 because it exceeded search pattern filesize limit: SRR3192399_1_val_1_fastqc.html
[2022-01-31 09:37:29,788] multiqc                                            [DEBUG  ]  File ignored by hicexplorer because it exceeded search pattern filesize limit: SRR3192399_1_val_1_fastqc.html
[2022-01-31 09:37:29,789] multiqc                                            [DEBUG  ]  File ignored by nanostat because it exceeded search pattern filesize limit: SRR3192399_1_val_1_fastqc.html
[2022-01-31 09:37:29,789] multiqc                                            [DEBUG  ]  File ignored by lima/summary because it exceeded search pattern filesize limit: SRR3192399_1_val_1_fastqc.html
[2022-01-31 09:37:29,789] multiqc                                            [DEBUG  ]  File ignored by vep/vep_txt because it exceeded search pattern filesize limit: SRR3192399_1_val_1_fastqc.html
[2022-01-31 09:37:29,790] multiqc                                            [DEBUG  ]  File ignored by longranger/invocation because it exceeded search pattern filesize limit: SRR3192399_1_val_1_fastqc.html
[2022-01-31 09:37:29,819] multiqc                                            [DEBUG  ]  File ignored by ccs/v4 because it exceeded search pattern filesize limit: SRR3192399_2_val_2_fastqc.html
[2022-01-31 09:37:29,820] multiqc                                            [DEBUG  ]  File ignored by hicexplorer because it exceeded search pattern filesize limit: SRR3192399_2_val_2_fastqc.html
[2022-01-31 09:37:29,820] multiqc                                            [DEBUG  ]  File ignored by nanostat because it exceeded search pattern filesize limit: SRR3192399_2_val_2_fastqc.html
[2022-01-31 09:37:29,820] multiqc                                            [DEBUG  ]  File ignored by lima/summary because it exceeded search pattern filesize limit: SRR3192399_2_val_2_fastqc.html
[2022-01-31 09:37:29,821] multiqc                                            [DEBUG  ]  File ignored by vep/vep_txt because it exceeded search pattern filesize limit: SRR3192399_2_val_2_fastqc.html
[2022-01-31 09:37:29,821] multiqc                                            [DEBUG  ]  File ignored by longranger/invocation because it exceeded search pattern filesize limit: SRR3192399_2_val_2_fastqc.html
[2022-01-31 09:37:29,853] multiqc                                            [DEBUG  ]  File ignored by ccs/v4 because it exceeded search pattern filesize limit: SRR3192399_2_fastqc.html
[2022-01-31 09:37:29,854] multiqc                                            [DEBUG  ]  File ignored by hicexplorer because it exceeded search pattern filesize limit: SRR3192399_2_fastqc.html
[2022-01-31 09:37:29,854] multiqc                                            [DEBUG  ]  File ignored by nanostat because it exceeded search pattern filesize limit: SRR3192399_2_fastqc.html
[2022-01-31 09:37:29,854] multiqc                                            [DEBUG  ]  File ignored by lima/summary because it exceeded search pattern filesize limit: SRR3192399_2_fastqc.html
[2022-01-31 09:37:29,855] multiqc                                            [DEBUG  ]  File ignored by vep/vep_txt because it exceeded search pattern filesize limit: SRR3192399_2_fastqc.html
[2022-01-31 09:37:29,855] multiqc                                            [DEBUG  ]  File ignored by longranger/invocation because it exceeded search pattern filesize limit: SRR3192399_2_fastqc.html
[2022-01-31 09:37:29,883] multiqc                                            [DEBUG  ]  File ignored by ccs/v4 because it exceeded search pattern filesize limit: SRR3192400_1Log.out
[2022-01-31 09:37:29,883] multiqc                                            [DEBUG  ]  File ignored by hicexplorer because it exceeded search pattern filesize limit: SRR3192400_1Log.out
[2022-01-31 09:37:29,883] multiqc                                            [DEBUG  ]  File ignored by nanostat because it exceeded search pattern filesize limit: SRR3192400_1Log.out
[2022-01-31 09:37:29,883] multiqc                                            [DEBUG  ]  File ignored by lima/summary because it exceeded search pattern filesize limit: SRR3192400_1Log.out
[2022-01-31 09:37:29,884] multiqc                                            [DEBUG  ]  File ignored by longranger/invocation because it exceeded search pattern filesize limit: SRR3192400_1Log.out
[2022-01-31 09:37:29,892] multiqc                                            [DEBUG  ]  File ignored by ccs/v4 because it exceeded search pattern filesize limit: SRR3192398_1Log.out
[2022-01-31 09:37:29,892] multiqc                                            [DEBUG  ]  File ignored by hicexplorer because it exceeded search pattern filesize limit: SRR3192398_1Log.out
[2022-01-31 09:37:29,893] multiqc                                            [DEBUG  ]  File ignored by nanostat because it exceeded search pattern filesize limit: SRR3192398_1Log.out
[2022-01-31 09:37:29,893] multiqc                                            [DEBUG  ]  File ignored by lima/summary because it exceeded search pattern filesize limit: SRR3192398_1Log.out
[2022-01-31 09:37:29,893] multiqc                                            [DEBUG  ]  File ignored by longranger/invocation because it exceeded search pattern filesize limit: SRR3192398_1Log.out
[2022-01-31 09:37:29,902] multiqc                                            [DEBUG  ]  File ignored by ccs/v4 because it exceeded search pattern filesize limit: SRR3192399_1_fastqc.html
[2022-01-31 09:37:29,902] multiqc                                            [DEBUG  ]  File ignored by hicexplorer because it exceeded search pattern filesize limit: SRR3192399_1_fastqc.html
[2022-01-31 09:37:29,902] multiqc                                            [DEBUG  ]  File ignored by nanostat because it exceeded search pattern filesize limit: SRR3192399_1_fastqc.html
[2022-01-31 09:37:29,902] multiqc                                            [DEBUG  ]  File ignored by lima/summary because it exceeded search pattern filesize limit: SRR3192399_1_fastqc.html
[2022-01-31 09:37:29,903] multiqc                                            [DEBUG  ]  File ignored by vep/vep_txt because it exceeded search pattern filesize limit: SRR3192399_1_fastqc.html
[2022-01-31 09:37:29,903] multiqc                                            [DEBUG  ]  File ignored by longranger/invocation because it exceeded search pattern filesize limit: SRR3192399_1_fastqc.html
[2022-01-31 09:37:29,930] multiqc                                            [DEBUG  ]  File ignored by ccs/v4 because it exceeded search pattern filesize limit: SRR3192396_1Log.progress.out
[2022-01-31 09:37:29,930] multiqc                                            [DEBUG  ]  File ignored by hicexplorer because it exceeded search pattern filesize limit: SRR3192396_1Log.progress.out
[2022-01-31 09:37:29,930] multiqc                                            [DEBUG  ]  File ignored by nanostat because it exceeded search pattern filesize limit: SRR3192396_1Log.progress.out
[2022-01-31 09:37:29,930] multiqc                                            [DEBUG  ]  File ignored by lima/summary because it exceeded search pattern filesize limit: SRR3192396_1Log.progress.out
[2022-01-31 09:37:29,931] multiqc                                            [DEBUG  ]  File ignored by longranger/invocation because it exceeded search pattern filesize limit: SRR3192396_1Log.progress.out
[2022-01-31 09:37:29,935] multiqc                                            [DEBUG  ]  File ignored by ccs/v4 because it exceeded search pattern filesize limit: SRR3192657_1_fastqc.html
[2022-01-31 09:37:29,936] multiqc                                            [DEBUG  ]  File ignored by hicexplorer because it exceeded search pattern filesize limit: SRR3192657_1_fastqc.html
[2022-01-31 09:37:29,936] multiqc                                            [DEBUG  ]  File ignored by nanostat because it exceeded search pattern filesize limit: SRR3192657_1_fastqc.html
[2022-01-31 09:37:29,936] multiqc                                            [DEBUG  ]  File ignored by lima/summary because it exceeded search pattern filesize limit: SRR3192657_1_fastqc.html
[2022-01-31 09:37:29,937] multiqc                                            [DEBUG  ]  File ignored by vep/vep_txt because it exceeded search pattern filesize limit: SRR3192657_1_fastqc.html
[2022-01-31 09:37:29,937] multiqc                                            [DEBUG  ]  File ignored by longranger/invocation because it exceeded search pattern filesize limit: SRR3192657_1_fastqc.html
[2022-01-31 09:37:29,970] multiqc                                            [DEBUG  ]  File ignored by ccs/v4 because it exceeded search pattern filesize limit: SRR3192396_2_fastqc.html
[2022-01-31 09:37:29,971] multiqc                                            [DEBUG  ]  File ignored by hicexplorer because it exceeded search pattern filesize limit: SRR3192396_2_fastqc.html
[2022-01-31 09:37:29,971] multiqc                                            [DEBUG  ]  File ignored by nanostat because it exceeded search pattern filesize limit: SRR3192396_2_fastqc.html
[2022-01-31 09:37:29,971] multiqc                                            [DEBUG  ]  File ignored by lima/summary because it exceeded search pattern filesize limit: SRR3192396_2_fastqc.html
[2022-01-31 09:37:29,972] multiqc                                            [DEBUG  ]  File ignored by vep/vep_txt because it exceeded search pattern filesize limit: SRR3192396_2_fastqc.html
[2022-01-31 09:37:29,972] multiqc                                            [DEBUG  ]  File ignored by longranger/invocation because it exceeded search pattern filesize limit: SRR3192396_2_fastqc.html
[2022-01-31 09:37:29,997] multiqc                                            [DEBUG  ]  File ignored by ccs/v4 because it exceeded search pattern filesize limit: SRR3192400_2.fastq.gz_trimming_report.txt
[2022-01-31 09:37:29,998] multiqc                                            [DEBUG  ]  File ignored by hicexplorer because it exceeded search pattern filesize limit: SRR3192400_2.fastq.gz_trimming_report.txt
[2022-01-31 09:37:29,998] multiqc                                            [DEBUG  ]  File ignored by nanostat because it exceeded search pattern filesize limit: SRR3192400_2.fastq.gz_trimming_report.txt
[2022-01-31 09:37:29,998] multiqc                                            [DEBUG  ]  File ignored by lima/summary because it exceeded search pattern filesize limit: SRR3192400_2.fastq.gz_trimming_report.txt
[2022-01-31 09:37:29,999] multiqc                                            [DEBUG  ]  File ignored by longranger/invocation because it exceeded search pattern filesize limit: SRR3192400_2.fastq.gz_trimming_report.txt
[2022-01-31 09:37:30,003] multiqc                                            [DEBUG  ]  File ignored by ccs/v4 because it exceeded search pattern filesize limit: SRR3192396_1Log.out
[2022-01-31 09:37:30,004] multiqc                                            [DEBUG  ]  File ignored by hicexplorer because it exceeded search pattern filesize limit: SRR3192396_1Log.out
[2022-01-31 09:37:30,004] multiqc                                            [DEBUG  ]  File ignored by nanostat because it exceeded search pattern filesize limit: SRR3192396_1Log.out
[2022-01-31 09:37:30,004] multiqc                                            [DEBUG  ]  File ignored by lima/summary because it exceeded search pattern filesize limit: SRR3192396_1Log.out
[2022-01-31 09:37:30,005] multiqc                                            [DEBUG  ]  File ignored by longranger/invocation because it exceeded search pattern filesize limit: SRR3192396_1Log.out
[2022-01-31 09:37:30,012] multiqc                                            [DEBUG  ]  File ignored by ccs/v4 because it exceeded search pattern filesize limit: SRR3192397_1.fastq.gz_trimming_report.txt
[2022-01-31 09:37:30,013] multiqc                                            [DEBUG  ]  File ignored by lima/summary because it exceeded search pattern filesize limit: SRR3192397_1.fastq.gz_trimming_report.txt
[2022-01-31 09:37:30,014] multiqc                                            [DEBUG  ]  File ignored by longranger/invocation because it exceeded search pattern filesize limit: SRR3192397_1.fastq.gz_trimming_report.txt
[2022-01-31 09:37:30,018] multiqc                                            [DEBUG  ]  File ignored by ccs/v4 because it exceeded search pattern filesize limit: SRR3192398_2_val_2_fastqc.html
[2022-01-31 09:37:30,019] multiqc                                            [DEBUG  ]  File ignored by hicexplorer because it exceeded search pattern filesize limit: SRR3192398_2_val_2_fastqc.html
[2022-01-31 09:37:30,019] multiqc                                            [DEBUG  ]  File ignored by nanostat because it exceeded search pattern filesize limit: SRR3192398_2_val_2_fastqc.html
[2022-01-31 09:37:30,019] multiqc                                            [DEBUG  ]  File ignored by lima/summary because it exceeded search pattern filesize limit: SRR3192398_2_val_2_fastqc.html
[2022-01-31 09:37:30,020] multiqc                                            [DEBUG  ]  File ignored by vep/vep_txt because it exceeded search pattern filesize limit: SRR3192398_2_val_2_fastqc.html
[2022-01-31 09:37:30,020] multiqc                                            [DEBUG  ]  File ignored by longranger/invocation because it exceeded search pattern filesize limit: SRR3192398_2_val_2_fastqc.html
[2022-01-31 09:37:30,048] multiqc                                            [DEBUG  ]  File ignored by ccs/v4 because it exceeded search pattern filesize limit: SRR3192401_1Log.progress.out
[2022-01-31 09:37:30,049] multiqc                                            [DEBUG  ]  File ignored by hicexplorer because it exceeded search pattern filesize limit: SRR3192401_1Log.progress.out
[2022-01-31 09:37:30,049] multiqc                                            [DEBUG  ]  File ignored by nanostat because it exceeded search pattern filesize limit: SRR3192401_1Log.progress.out
[2022-01-31 09:37:30,049] multiqc                                            [DEBUG  ]  File ignored by lima/summary because it exceeded search pattern filesize limit: SRR3192401_1Log.progress.out
[2022-01-31 09:37:30,049] multiqc                                            [DEBUG  ]  File ignored by longranger/invocation because it exceeded search pattern filesize limit: SRR3192401_1Log.progress.out
[2022-01-31 09:37:30,053] multiqc                                            [DEBUG  ]  File ignored by ccs/v4 because it exceeded search pattern filesize limit: SRR3192658_1_fastqc.html
[2022-01-31 09:37:30,054] multiqc                                            [DEBUG  ]  File ignored by hicexplorer because it exceeded search pattern filesize limit: SRR3192658_1_fastqc.html
[2022-01-31 09:37:30,054] multiqc                                            [DEBUG  ]  File ignored by nanostat because it exceeded search pattern filesize limit: SRR3192658_1_fastqc.html
[2022-01-31 09:37:30,054] multiqc                                            [DEBUG  ]  File ignored by lima/summary because it exceeded search pattern filesize limit: SRR3192658_1_fastqc.html
[2022-01-31 09:37:30,055] multiqc                                            [DEBUG  ]  File ignored by vep/vep_txt because it exceeded search pattern filesize limit: SRR3192658_1_fastqc.html
[2022-01-31 09:37:30,055] multiqc                                            [DEBUG  ]  File ignored by longranger/invocation because it exceeded search pattern filesize limit: SRR3192658_1_fastqc.html
[2022-01-31 09:37:30,084] multiqc                                            [DEBUG  ]  File ignored by ccs/v4 because it exceeded search pattern filesize limit: SRR3192400_2_val_2_fastqc.html
[2022-01-31 09:37:30,085] multiqc                                            [DEBUG  ]  File ignored by hicexplorer because it exceeded search pattern filesize limit: SRR3192400_2_val_2_fastqc.html
[2022-01-31 09:37:30,085] multiqc                                            [DEBUG  ]  File ignored by nanostat because it exceeded search pattern filesize limit: SRR3192400_2_val_2_fastqc.html
[2022-01-31 09:37:30,085] multiqc                                            [DEBUG  ]  File ignored by lima/summary because it exceeded search pattern filesize limit: SRR3192400_2_val_2_fastqc.html
[2022-01-31 09:37:30,086] multiqc                                            [DEBUG  ]  File ignored by vep/vep_txt because it exceeded search pattern filesize limit: SRR3192400_2_val_2_fastqc.html
[2022-01-31 09:37:30,086] multiqc                                            [DEBUG  ]  File ignored by longranger/invocation because it exceeded search pattern filesize limit: SRR3192400_2_val_2_fastqc.html
[2022-01-31 09:37:30,112] multiqc                                            [DEBUG  ]  File ignored by ccs/v4 because it exceeded search pattern filesize limit: SRR3192398_2_fastqc.html
[2022-01-31 09:37:30,112] multiqc                                            [DEBUG  ]  File ignored by hicexplorer because it exceeded search pattern filesize limit: SRR3192398_2_fastqc.html
[2022-01-31 09:37:30,113] multiqc                                            [DEBUG  ]  File ignored by nanostat because it exceeded search pattern filesize limit: SRR3192398_2_fastqc.html
[2022-01-31 09:37:30,113] multiqc                                            [DEBUG  ]  File ignored by lima/summary because it exceeded search pattern filesize limit: SRR3192398_2_fastqc.html
[2022-01-31 09:37:30,114] multiqc                                            [DEBUG  ]  File ignored by vep/vep_txt because it exceeded search pattern filesize limit: SRR3192398_2_fastqc.html
[2022-01-31 09:37:30,114] multiqc                                            [DEBUG  ]  File ignored by longranger/invocation because it exceeded search pattern filesize limit: SRR3192398_2_fastqc.html
[2022-01-31 09:37:30,139] multiqc                                            [DEBUG  ]  File ignored by ccs/v4 because it exceeded search pattern filesize limit: SRR3192658_1.fastq.gz_trimming_report.txt
[2022-01-31 09:37:30,139] multiqc                                            [DEBUG  ]  File ignored by lima/summary because it exceeded search pattern filesize limit: SRR3192658_1.fastq.gz_trimming_report.txt
[2022-01-31 09:37:30,140] multiqc                                            [DEBUG  ]  File ignored by longranger/invocation because it exceeded search pattern filesize limit: SRR3192658_1.fastq.gz_trimming_report.txt
[2022-01-31 09:37:30,144] multiqc                                            [DEBUG  ]  File ignored by ccs/v4 because it exceeded search pattern filesize limit: SRR3192658_2_val_2_fastqc.html
[2022-01-31 09:37:30,145] multiqc                                            [DEBUG  ]  File ignored by hicexplorer because it exceeded search pattern filesize limit: SRR3192658_2_val_2_fastqc.html
[2022-01-31 09:37:30,145] multiqc                                            [DEBUG  ]  File ignored by nanostat because it exceeded search pattern filesize limit: SRR3192658_2_val_2_fastqc.html
[2022-01-31 09:37:30,145] multiqc                                            [DEBUG  ]  File ignored by lima/summary because it exceeded search pattern filesize limit: SRR3192658_2_val_2_fastqc.html
[2022-01-31 09:37:30,146] multiqc                                            [DEBUG  ]  File ignored by vep/vep_txt because it exceeded search pattern filesize limit: SRR3192658_2_val_2_fastqc.html
[2022-01-31 09:37:30,146] multiqc                                            [DEBUG  ]  File ignored by longranger/invocation because it exceeded search pattern filesize limit: SRR3192658_2_val_2_fastqc.html
[2022-01-31 09:37:30,182] multiqc                                            [DEBUG  ]  File ignored by ccs/v4 because it exceeded search pattern filesize limit: SRR3192399_1Log.progress.out
[2022-01-31 09:37:30,183] multiqc                                            [DEBUG  ]  File ignored by hicexplorer because it exceeded search pattern filesize limit: SRR3192399_1Log.progress.out
[2022-01-31 09:37:30,183] multiqc                                            [DEBUG  ]  File ignored by nanostat because it exceeded search pattern filesize limit: SRR3192399_1Log.progress.out
[2022-01-31 09:37:30,183] multiqc                                            [DEBUG  ]  File ignored by lima/summary because it exceeded search pattern filesize limit: SRR3192399_1Log.progress.out
[2022-01-31 09:37:30,184] multiqc                                            [DEBUG  ]  File ignored by longranger/invocation because it exceeded search pattern filesize limit: SRR3192399_1Log.progress.out
[2022-01-31 09:37:30,187] multiqc                                            [DEBUG  ]  File ignored by ccs/v4 because it exceeded search pattern filesize limit: SRR3192398_2.fastq.gz_trimming_report.txt
[2022-01-31 09:37:30,188] multiqc                                            [DEBUG  ]  File ignored by lima/summary because it exceeded search pattern filesize limit: SRR3192398_2.fastq.gz_trimming_report.txt
[2022-01-31 09:37:30,188] multiqc                                            [DEBUG  ]  File ignored by longranger/invocation because it exceeded search pattern filesize limit: SRR3192398_2.fastq.gz_trimming_report.txt
[2022-01-31 09:37:30,193] multiqc                                            [DEBUG  ]  File ignored by ccs/v4 because it exceeded search pattern filesize limit: SRR3192658_1Log.progress.out
[2022-01-31 09:37:30,193] multiqc                                            [DEBUG  ]  File ignored by hicexplorer because it exceeded search pattern filesize limit: SRR3192658_1Log.progress.out
[2022-01-31 09:37:30,193] multiqc                                            [DEBUG  ]  File ignored by nanostat because it exceeded search pattern filesize limit: SRR3192658_1Log.progress.out
[2022-01-31 09:37:30,193] multiqc                                            [DEBUG  ]  File ignored by lima/summary because it exceeded search pattern filesize limit: SRR3192658_1Log.progress.out
[2022-01-31 09:37:30,194] multiqc                                            [DEBUG  ]  File ignored by longranger/invocation because it exceeded search pattern filesize limit: SRR3192658_1Log.progress.out
[2022-01-31 09:37:30,198] multiqc                                            [DEBUG  ]  File ignored by ccs/v4 because it exceeded search pattern filesize limit: SRR3192657_2.fastq.gz_trimming_report.txt
[2022-01-31 09:37:30,198] multiqc                                            [DEBUG  ]  File ignored by lima/summary because it exceeded search pattern filesize limit: SRR3192657_2.fastq.gz_trimming_report.txt
[2022-01-31 09:37:30,199] multiqc                                            [DEBUG  ]  File ignored by longranger/invocation because it exceeded search pattern filesize limit: SRR3192657_2.fastq.gz_trimming_report.txt
[2022-01-31 09:37:30,206] multiqc                                            [DEBUG  ]  File ignored by ccs/v4 because it exceeded search pattern filesize limit: SRR3192657_1.fastq.gz_trimming_report.txt
[2022-01-31 09:37:30,207] multiqc                                            [DEBUG  ]  File ignored by lima/summary because it exceeded search pattern filesize limit: SRR3192657_1.fastq.gz_trimming_report.txt
[2022-01-31 09:37:30,208] multiqc                                            [DEBUG  ]  File ignored by longranger/invocation because it exceeded search pattern filesize limit: SRR3192657_1.fastq.gz_trimming_report.txt
[2022-01-31 09:37:30,216] multiqc                                            [DEBUG  ]  File ignored by ccs/v4 because it exceeded search pattern filesize limit: SRR3192401_2_fastqc.html
[2022-01-31 09:37:30,216] multiqc                                            [DEBUG  ]  File ignored by hicexplorer because it exceeded search pattern filesize limit: SRR3192401_2_fastqc.html
[2022-01-31 09:37:30,216] multiqc                                            [DEBUG  ]  File ignored by nanostat because it exceeded search pattern filesize limit: SRR3192401_2_fastqc.html
[2022-01-31 09:37:30,216] multiqc                                            [DEBUG  ]  File ignored by lima/summary because it exceeded search pattern filesize limit: SRR3192401_2_fastqc.html
[2022-01-31 09:37:30,217] multiqc                                            [DEBUG  ]  File ignored by vep/vep_txt because it exceeded search pattern filesize limit: SRR3192401_2_fastqc.html
[2022-01-31 09:37:30,217] multiqc                                            [DEBUG  ]  File ignored by longranger/invocation because it exceeded search pattern filesize limit: SRR3192401_2_fastqc.html
[2022-01-31 09:37:30,243] multiqc                                            [DEBUG  ]  File ignored by ccs/v4 because it exceeded search pattern filesize limit: SRR3192399_2.fastq.gz_trimming_report.txt
[2022-01-31 09:37:30,243] multiqc                                            [DEBUG  ]  File ignored by lima/summary because it exceeded search pattern filesize limit: SRR3192399_2.fastq.gz_trimming_report.txt
[2022-01-31 09:37:30,244] multiqc                                            [DEBUG  ]  File ignored by longranger/invocation because it exceeded search pattern filesize limit: SRR3192399_2.fastq.gz_trimming_report.txt
[2022-01-31 09:37:30,248] multiqc                                            [DEBUG  ]  File ignored by ccs/v4 because it exceeded search pattern filesize limit: SRR3192396_1_fastqc.html
[2022-01-31 09:37:30,249] multiqc                                            [DEBUG  ]  File ignored by hicexplorer because it exceeded search pattern filesize limit: SRR3192396_1_fastqc.html
[2022-01-31 09:37:30,249] multiqc                                            [DEBUG  ]  File ignored by nanostat because it exceeded search pattern filesize limit: SRR3192396_1_fastqc.html
[2022-01-31 09:37:30,249] multiqc                                            [DEBUG  ]  File ignored by lima/summary because it exceeded search pattern filesize limit: SRR3192396_1_fastqc.html
[2022-01-31 09:37:30,250] multiqc                                            [DEBUG  ]  File ignored by vep/vep_txt because it exceeded search pattern filesize limit: SRR3192396_1_fastqc.html
[2022-01-31 09:37:30,250] multiqc                                            [DEBUG  ]  File ignored by longranger/invocation because it exceeded search pattern filesize limit: SRR3192396_1_fastqc.html
[2022-01-31 09:37:30,280] multiqc                                            [DEBUG  ]  File ignored by ccs/v4 because it exceeded search pattern filesize limit: SRR3192397_2_val_2_fastqc.html
[2022-01-31 09:37:30,281] multiqc                                            [DEBUG  ]  File ignored by hicexplorer because it exceeded search pattern filesize limit: SRR3192397_2_val_2_fastqc.html
[2022-01-31 09:37:30,281] multiqc                                            [DEBUG  ]  File ignored by nanostat because it exceeded search pattern filesize limit: SRR3192397_2_val_2_fastqc.html
[2022-01-31 09:37:30,281] multiqc                                            [DEBUG  ]  File ignored by lima/summary because it exceeded search pattern filesize limit: SRR3192397_2_val_2_fastqc.html
[2022-01-31 09:37:30,282] multiqc                                            [DEBUG  ]  File ignored by vep/vep_txt because it exceeded search pattern filesize limit: SRR3192397_2_val_2_fastqc.html
[2022-01-31 09:37:30,282] multiqc                                            [DEBUG  ]  File ignored by longranger/invocation because it exceeded search pattern filesize limit: SRR3192397_2_val_2_fastqc.html
[2022-01-31 09:37:30,307] multiqc                                            [DEBUG  ]  File ignored by ccs/v4 because it exceeded search pattern filesize limit: SRR3192658_2.fastq.gz_trimming_report.txt
[2022-01-31 09:37:30,307] multiqc                                            [DEBUG  ]  File ignored by lima/summary because it exceeded search pattern filesize limit: SRR3192658_2.fastq.gz_trimming_report.txt
[2022-01-31 09:37:30,308] multiqc                                            [DEBUG  ]  File ignored by longranger/invocation because it exceeded search pattern filesize limit: SRR3192658_2.fastq.gz_trimming_report.txt
[2022-01-31 09:37:30,312] multiqc                                            [DEBUG  ]  File ignored by ccs/v4 because it exceeded search pattern filesize limit: SRR3192401_1.fastq.gz_trimming_report.txt
[2022-01-31 09:37:30,313] multiqc                                            [DEBUG  ]  File ignored by hicexplorer because it exceeded search pattern filesize limit: SRR3192401_1.fastq.gz_trimming_report.txt
[2022-01-31 09:37:30,313] multiqc                                            [DEBUG  ]  File ignored by nanostat because it exceeded search pattern filesize limit: SRR3192401_1.fastq.gz_trimming_report.txt
[2022-01-31 09:37:30,313] multiqc                                            [DEBUG  ]  File ignored by lima/summary because it exceeded search pattern filesize limit: SRR3192401_1.fastq.gz_trimming_report.txt
[2022-01-31 09:37:30,314] multiqc                                            [DEBUG  ]  File ignored by longranger/invocation because it exceeded search pattern filesize limit: SRR3192401_1.fastq.gz_trimming_report.txt
[2022-01-31 09:37:30,321] multiqc                                            [DEBUG  ]  File ignored by ccs/v4 because it exceeded search pattern filesize limit: SRR3192397_1Log.progress.out
[2022-01-31 09:37:30,322] multiqc                                            [DEBUG  ]  File ignored by hicexplorer because it exceeded search pattern filesize limit: SRR3192397_1Log.progress.out
[2022-01-31 09:37:30,322] multiqc                                            [DEBUG  ]  File ignored by nanostat because it exceeded search pattern filesize limit: SRR3192397_1Log.progress.out
[2022-01-31 09:37:30,322] multiqc                                            [DEBUG  ]  File ignored by lima/summary because it exceeded search pattern filesize limit: SRR3192397_1Log.progress.out
[2022-01-31 09:37:30,323] multiqc                                            [DEBUG  ]  File ignored by longranger/invocation because it exceeded search pattern filesize limit: SRR3192397_1Log.progress.out
[2022-01-31 09:37:30,330] multiqc                                            [DEBUG  ]  File ignored by ccs/v4 because it exceeded search pattern filesize limit: SRR3192400_2_fastqc.html
[2022-01-31 09:37:30,331] multiqc                                            [DEBUG  ]  File ignored by hicexplorer because it exceeded search pattern filesize limit: SRR3192400_2_fastqc.html
[2022-01-31 09:37:30,331] multiqc                                            [DEBUG  ]  File ignored by nanostat because it exceeded search pattern filesize limit: SRR3192400_2_fastqc.html
[2022-01-31 09:37:30,331] multiqc                                            [DEBUG  ]  File ignored by lima/summary because it exceeded search pattern filesize limit: SRR3192400_2_fastqc.html
[2022-01-31 09:37:30,332] multiqc                                            [DEBUG  ]  File ignored by vep/vep_txt because it exceeded search pattern filesize limit: SRR3192400_2_fastqc.html
[2022-01-31 09:37:30,332] multiqc                                            [DEBUG  ]  File ignored by longranger/invocation because it exceeded search pattern filesize limit: SRR3192400_2_fastqc.html
[2022-01-31 09:37:30,358] multiqc                                            [DEBUG  ]  File ignored by ccs/v4 because it exceeded search pattern filesize limit: SRR3192399_1Log.out
[2022-01-31 09:37:30,358] multiqc                                            [DEBUG  ]  File ignored by hicexplorer because it exceeded search pattern filesize limit: SRR3192399_1Log.out
[2022-01-31 09:37:30,358] multiqc                                            [DEBUG  ]  File ignored by nanostat because it exceeded search pattern filesize limit: SRR3192399_1Log.out
[2022-01-31 09:37:30,358] multiqc                                            [DEBUG  ]  File ignored by lima/summary because it exceeded search pattern filesize limit: SRR3192399_1Log.out
[2022-01-31 09:37:30,359] multiqc                                            [DEBUG  ]  File ignored by longranger/invocation because it exceeded search pattern filesize limit: SRR3192399_1Log.out
[2022-01-31 09:37:30,368] multiqc                                            [DEBUG  ]  File ignored by ccs/v4 because it exceeded search pattern filesize limit: SRR3192657_1Log.progress.out
[2022-01-31 09:37:30,369] multiqc                                            [DEBUG  ]  File ignored by hicexplorer because it exceeded search pattern filesize limit: SRR3192657_1Log.progress.out
[2022-01-31 09:37:30,369] multiqc                                            [DEBUG  ]  File ignored by nanostat because it exceeded search pattern filesize limit: SRR3192657_1Log.progress.out
[2022-01-31 09:37:30,369] multiqc                                            [DEBUG  ]  File ignored by lima/summary because it exceeded search pattern filesize limit: SRR3192657_1Log.progress.out
[2022-01-31 09:37:30,370] multiqc                                            [DEBUG  ]  File ignored by longranger/invocation because it exceeded search pattern filesize limit: SRR3192657_1Log.progress.out
[2022-01-31 09:37:30,376] multiqc                                            [DEBUG  ]  File ignored by ccs/v4 because it exceeded search pattern filesize limit: SRR3192400_1.fastq.gz_trimming_report.txt
[2022-01-31 09:37:30,377] multiqc                                            [DEBUG  ]  File ignored by hicexplorer because it exceeded search pattern filesize limit: SRR3192400_1.fastq.gz_trimming_report.txt
[2022-01-31 09:37:30,377] multiqc                                            [DEBUG  ]  File ignored by nanostat because it exceeded search pattern filesize limit: SRR3192400_1.fastq.gz_trimming_report.txt
[2022-01-31 09:37:30,377] multiqc                                            [DEBUG  ]  File ignored by lima/summary because it exceeded search pattern filesize limit: SRR3192400_1.fastq.gz_trimming_report.txt
[2022-01-31 09:37:30,380] multiqc                                            [DEBUG  ]  File ignored by longranger/invocation because it exceeded search pattern filesize limit: SRR3192400_1.fastq.gz_trimming_report.txt
[2022-01-31 09:37:30,386] multiqc                                            [DEBUG  ]  File ignored by ccs/v4 because it exceeded search pattern filesize limit: SRR3192657_2_val_2_fastqc.html
[2022-01-31 09:37:30,386] multiqc                                            [DEBUG  ]  File ignored by hicexplorer because it exceeded search pattern filesize limit: SRR3192657_2_val_2_fastqc.html
[2022-01-31 09:37:30,386] multiqc                                            [DEBUG  ]  File ignored by nanostat because it exceeded search pattern filesize limit: SRR3192657_2_val_2_fastqc.html
[2022-01-31 09:37:30,386] multiqc                                            [DEBUG  ]  File ignored by lima/summary because it exceeded search pattern filesize limit: SRR3192657_2_val_2_fastqc.html
[2022-01-31 09:37:30,387] multiqc                                            [DEBUG  ]  File ignored by vep/vep_txt because it exceeded search pattern filesize limit: SRR3192657_2_val_2_fastqc.html
[2022-01-31 09:37:30,387] multiqc                                            [DEBUG  ]  File ignored by longranger/invocation because it exceeded search pattern filesize limit: SRR3192657_2_val_2_fastqc.html
[2022-01-31 09:37:30,414] multiqc                                            [DEBUG  ]  File ignored by ccs/v4 because it exceeded search pattern filesize limit: SRR3192400_1Log.progress.out
[2022-01-31 09:37:30,414] multiqc                                            [DEBUG  ]  File ignored by hicexplorer because it exceeded search pattern filesize limit: SRR3192400_1Log.progress.out
[2022-01-31 09:37:30,415] multiqc                                            [DEBUG  ]  File ignored by nanostat because it exceeded search pattern filesize limit: SRR3192400_1Log.progress.out
[2022-01-31 09:37:30,415] multiqc                                            [DEBUG  ]  File ignored by lima/summary because it exceeded search pattern filesize limit: SRR3192400_1Log.progress.out
[2022-01-31 09:37:30,415] multiqc                                            [DEBUG  ]  File ignored by longranger/invocation because it exceeded search pattern filesize limit: SRR3192400_1Log.progress.out
[2022-01-31 09:37:30,419] multiqc                                            [DEBUG  ]  File ignored by ccs/v4 because it exceeded search pattern filesize limit: SRR3192401_2.fastq.gz_trimming_report.txt
[2022-01-31 09:37:30,419] multiqc                                            [DEBUG  ]  File ignored by hicexplorer because it exceeded search pattern filesize limit: SRR3192401_2.fastq.gz_trimming_report.txt
[2022-01-31 09:37:30,419] multiqc                                            [DEBUG  ]  File ignored by nanostat because it exceeded search pattern filesize limit: SRR3192401_2.fastq.gz_trimming_report.txt
[2022-01-31 09:37:30,419] multiqc                                            [DEBUG  ]  File ignored by lima/summary because it exceeded search pattern filesize limit: SRR3192401_2.fastq.gz_trimming_report.txt
[2022-01-31 09:37:30,420] multiqc                                            [DEBUG  ]  File ignored by longranger/invocation because it exceeded search pattern filesize limit: SRR3192401_2.fastq.gz_trimming_report.txt
[2022-01-31 09:37:30,424] multiqc                                            [DEBUG  ]  File ignored by ccs/v4 because it exceeded search pattern filesize limit: SRR3192396_1.fastq.gz_trimming_report.txt
[2022-01-31 09:37:30,425] multiqc                                            [DEBUG  ]  File ignored by lima/summary because it exceeded search pattern filesize limit: SRR3192396_1.fastq.gz_trimming_report.txt
[2022-01-31 09:37:30,426] multiqc                                            [DEBUG  ]  File ignored by longranger/invocation because it exceeded search pattern filesize limit: SRR3192396_1.fastq.gz_trimming_report.txt
[2022-01-31 09:37:30,430] multiqc                                            [DEBUG  ]  File ignored by ccs/v4 because it exceeded search pattern filesize limit: SRR3192401_1_val_1_fastqc.html
[2022-01-31 09:37:30,431] multiqc                                            [DEBUG  ]  File ignored by hicexplorer because it exceeded search pattern filesize limit: SRR3192401_1_val_1_fastqc.html
[2022-01-31 09:37:30,431] multiqc                                            [DEBUG  ]  File ignored by nanostat because it exceeded search pattern filesize limit: SRR3192401_1_val_1_fastqc.html
[2022-01-31 09:37:30,431] multiqc                                            [DEBUG  ]  File ignored by lima/summary because it exceeded search pattern filesize limit: SRR3192401_1_val_1_fastqc.html
[2022-01-31 09:37:30,432] multiqc                                            [DEBUG  ]  File ignored by vep/vep_txt because it exceeded search pattern filesize limit: SRR3192401_1_val_1_fastqc.html
[2022-01-31 09:37:30,432] multiqc                                            [DEBUG  ]  File ignored by longranger/invocation because it exceeded search pattern filesize limit: SRR3192401_1_val_1_fastqc.html
[2022-01-31 09:37:30,457] multiqc                                            [DEBUG  ]  File ignored by ccs/v4 because it exceeded search pattern filesize limit: SRR3192399_1.fastq.gz_trimming_report.txt
[2022-01-31 09:37:30,457] multiqc                                            [DEBUG  ]  File ignored by lima/summary because it exceeded search pattern filesize limit: SRR3192399_1.fastq.gz_trimming_report.txt
[2022-01-31 09:37:30,458] multiqc                                            [DEBUG  ]  File ignored by longranger/invocation because it exceeded search pattern filesize limit: SRR3192399_1.fastq.gz_trimming_report.txt
[2022-01-31 09:37:30,462] multiqc                                            [DEBUG  ]  File ignored by ccs/v4 because it exceeded search pattern filesize limit: SRR3192397_2.fastq.gz_trimming_report.txt
[2022-01-31 09:37:30,463] multiqc                                            [DEBUG  ]  File ignored by lima/summary because it exceeded search pattern filesize limit: SRR3192397_2.fastq.gz_trimming_report.txt
[2022-01-31 09:37:30,463] multiqc                                            [DEBUG  ]  File ignored by longranger/invocation because it exceeded search pattern filesize limit: SRR3192397_2.fastq.gz_trimming_report.txt
[2022-01-31 09:37:30,468] multiqc                                            [DEBUG  ]  File ignored by ccs/v4 because it exceeded search pattern filesize limit: SRR3192657_2_fastqc.html
[2022-01-31 09:37:30,468] multiqc                                            [DEBUG  ]  File ignored by hicexplorer because it exceeded search pattern filesize limit: SRR3192657_2_fastqc.html
[2022-01-31 09:37:30,469] multiqc                                            [DEBUG  ]  File ignored by nanostat because it exceeded search pattern filesize limit: SRR3192657_2_fastqc.html
[2022-01-31 09:37:30,469] multiqc                                            [DEBUG  ]  File ignored by lima/summary because it exceeded search pattern filesize limit: SRR3192657_2_fastqc.html
[2022-01-31 09:37:30,469] multiqc                                            [DEBUG  ]  File ignored by vep/vep_txt because it exceeded search pattern filesize limit: SRR3192657_2_fastqc.html
[2022-01-31 09:37:30,470] multiqc                                            [DEBUG  ]  File ignored by longranger/invocation because it exceeded search pattern filesize limit: SRR3192657_2_fastqc.html
[2022-01-31 09:37:30,503] multiqc                                            [DEBUG  ]  File ignored by ccs/v4 because it exceeded search pattern filesize limit: SRR3192657_1Log.out
[2022-01-31 09:37:30,503] multiqc                                            [DEBUG  ]  File ignored by hicexplorer because it exceeded search pattern filesize limit: SRR3192657_1Log.out
[2022-01-31 09:37:30,503] multiqc                                            [DEBUG  ]  File ignored by nanostat because it exceeded search pattern filesize limit: SRR3192657_1Log.out
[2022-01-31 09:37:30,503] multiqc                                            [DEBUG  ]  File ignored by lima/summary because it exceeded search pattern filesize limit: SRR3192657_1Log.out
[2022-01-31 09:37:30,504] multiqc                                            [DEBUG  ]  File ignored by longranger/invocation because it exceeded search pattern filesize limit: SRR3192657_1Log.out
[2022-01-31 09:37:30,513] multiqc                                            [DEBUG  ]  File ignored by ccs/v4 because it exceeded search pattern filesize limit: SRR3192397_1_fastqc.html
[2022-01-31 09:37:30,513] multiqc                                            [DEBUG  ]  File ignored by hicexplorer because it exceeded search pattern filesize limit: SRR3192397_1_fastqc.html
[2022-01-31 09:37:30,513] multiqc                                            [DEBUG  ]  File ignored by nanostat because it exceeded search pattern filesize limit: SRR3192397_1_fastqc.html
[2022-01-31 09:37:30,513] multiqc                                            [DEBUG  ]  File ignored by lima/summary because it exceeded search pattern filesize limit: SRR3192397_1_fastqc.html
[2022-01-31 09:37:30,514] multiqc                                            [DEBUG  ]  File ignored by vep/vep_txt because it exceeded search pattern filesize limit: SRR3192397_1_fastqc.html
[2022-01-31 09:37:30,514] multiqc                                            [DEBUG  ]  File ignored by longranger/invocation because it exceeded search pattern filesize limit: SRR3192397_1_fastqc.html
[2022-01-31 09:37:30,769] multiqc.plots.bargraph                             [DEBUG  ]  Using matplotlib version 3.4.2
[2022-01-31 09:37:30,769] multiqc.plots.linegraph                            [DEBUG  ]  Using matplotlib version 3.4.2
[2022-01-31 09:37:30,769] multiqc                                            [DEBUG  ]  No samples found: custom_content
[2022-01-31 09:37:30,772] multiqc                                            [DEBUG  ]  No samples found: ccs
[2022-01-31 09:37:30,774] multiqc                                            [DEBUG  ]  No samples found: ngsderive
[2022-01-31 09:37:30,776] multiqc                                            [DEBUG  ]  No samples found: purple
[2022-01-31 09:37:30,778] multiqc                                            [DEBUG  ]  No samples found: conpair
[2022-01-31 09:37:30,780] multiqc                                            [DEBUG  ]  No samples found: lima
[2022-01-31 09:37:30,782] multiqc                                            [DEBUG  ]  No samples found: peddy
[2022-01-31 09:37:30,784] multiqc                                            [DEBUG  ]  No samples found: somalier
[2022-01-31 09:37:30,786] multiqc                                            [DEBUG  ]  No samples found: methylQA
[2022-01-31 09:37:30,788] multiqc.modules.mosdepth.mosdepth                  [DEBUG  ]  include_contigs: []
[2022-01-31 09:37:30,788] multiqc.modules.mosdepth.mosdepth                  [DEBUG  ]  exclude_contigs: []
[2022-01-31 09:37:30,788] multiqc                                            [DEBUG  ]  No samples found: mosdepth
[2022-01-31 09:37:30,790] multiqc                                            [DEBUG  ]  No samples found: phantompeakqualtools
[2022-01-31 09:37:30,792] multiqc                                            [DEBUG  ]  No samples found: qualimap
[2022-01-31 09:37:30,794] multiqc                                            [DEBUG  ]  No samples found: preseq
[2022-01-31 09:37:30,796] multiqc                                            [DEBUG  ]  No samples found: quast
[2022-01-31 09:37:30,798] multiqc                                            [DEBUG  ]  No samples found: qorts
[2022-01-31 09:37:30,800] multiqc                                            [DEBUG  ]  No samples found: rna_seqc
[2022-01-31 09:37:30,802] multiqc                                            [DEBUG  ]  No samples found: rockhopper
[2022-01-31 09:37:30,804] multiqc                                            [DEBUG  ]  No samples found: rsem
[2022-01-31 09:37:30,807] multiqc                                            [DEBUG  ]  No samples found: rseqc
[2022-01-31 09:37:30,809] multiqc                                            [DEBUG  ]  No samples found: busco
[2022-01-31 09:37:30,811] multiqc                                            [DEBUG  ]  No samples found: bustools
[2022-01-31 09:37:30,813] multiqc                                            [DEBUG  ]  No samples found: goleft_indexcov
[2022-01-31 09:37:30,814] multiqc                                            [DEBUG  ]  No samples found: gffcompare
[2022-01-31 09:37:30,816] multiqc                                            [DEBUG  ]  No samples found: disambiguate
[2022-01-31 09:37:30,818] multiqc                                            [DEBUG  ]  No samples found: supernova
[2022-01-31 09:37:30,821] multiqc                                            [DEBUG  ]  No samples found: deeptools
[2022-01-31 09:37:30,823] multiqc                                            [DEBUG  ]  No samples found: sargasso
[2022-01-31 09:37:30,825] multiqc                                            [DEBUG  ]  No samples found: verifybamid
[2022-01-31 09:37:30,827] multiqc                                            [DEBUG  ]  No samples found: mirtrace
[2022-01-31 09:37:30,829] multiqc                                            [DEBUG  ]  No samples found: happy
[2022-01-31 09:37:30,831] multiqc                                            [DEBUG  ]  No samples found: mirtop
[2022-01-31 09:37:30,833] multiqc                                            [DEBUG  ]  No samples found: sambamba
[2022-01-31 09:37:30,835] multiqc                                            [DEBUG  ]  No samples found: homer
[2022-01-31 09:37:30,837] multiqc                                            [DEBUG  ]  No samples found: hops
[2022-01-31 09:37:30,839] multiqc                                            [DEBUG  ]  No samples found: macs2
[2022-01-31 09:37:30,841] multiqc                                            [DEBUG  ]  No samples found: theta2
[2022-01-31 09:37:30,843] multiqc                                            [DEBUG  ]  No samples found: snpeff
[2022-01-31 09:37:30,845] multiqc                                            [DEBUG  ]  No samples found: gatk
[2022-01-31 09:37:30,847] multiqc                                            [DEBUG  ]  No samples found: htseq
[2022-01-31 09:37:30,849] multiqc                                            [DEBUG  ]  No samples found: bcftools
[2022-01-31 09:37:30,852] multiqc.modules.featureCounts.feature_counts       [INFO   ]  Found 8 reports
[2022-01-31 09:37:30,857] multiqc                                            [DEBUG  ]  No samples found: fgbio
[2022-01-31 09:37:30,860] multiqc                                            [DEBUG  ]  No samples found: dragen
[2022-01-31 09:37:30,862] multiqc                                            [DEBUG  ]  No samples found: dedup
[2022-01-31 09:37:30,864] multiqc                                            [DEBUG  ]  No samples found: damageprofiler
[2022-01-31 09:37:30,869] multiqc                                            [DEBUG  ]  No samples found: biobambam2
[2022-01-31 09:37:30,871] multiqc                                            [DEBUG  ]  No samples found: jcvi
[2022-01-31 09:37:30,873] multiqc                                            [DEBUG  ]  No samples found: mtnucratio
[2022-01-31 09:37:30,874] multiqc                                            [DEBUG  ]  No samples found: picard
[2022-01-31 09:37:30,876] multiqc                                            [DEBUG  ]  No samples found: vep
[2022-01-31 09:37:30,878] multiqc                                            [DEBUG  ]  No samples found: sentieon
[2022-01-31 09:37:30,880] multiqc                                            [DEBUG  ]  No samples found: prokka
[2022-01-31 09:37:30,883] multiqc                                            [DEBUG  ]  No samples found: qc3C
[2022-01-31 09:37:30,885] multiqc                                            [DEBUG  ]  No samples found: nanostat
[2022-01-31 09:37:30,887] multiqc                                            [DEBUG  ]  No samples found: samblaster
[2022-01-31 09:37:30,889] multiqc                                            [DEBUG  ]  No samples found: samtools
[2022-01-31 09:37:30,891] multiqc                                            [DEBUG  ]  No samples found: sexdeterrmine
[2022-01-31 09:37:30,893] multiqc                                            [DEBUG  ]  No samples found: eigenstratdatabasetools
[2022-01-31 09:37:30,895] multiqc                                            [DEBUG  ]  No samples found: bamtools
[2022-01-31 09:37:30,897] multiqc                                            [DEBUG  ]  No samples found: jellyfish
[2022-01-31 09:37:30,899] multiqc                                            [DEBUG  ]  No samples found: vcftools
[2022-01-31 09:37:30,901] multiqc                                            [DEBUG  ]  No samples found: longranger
[2022-01-31 09:37:30,903] multiqc                                            [DEBUG  ]  No samples found: stacks
[2022-01-31 09:37:30,905] multiqc                                            [DEBUG  ]  No samples found: varscan2
[2022-01-31 09:37:30,907] multiqc                                            [DEBUG  ]  No samples found: snippy
[2022-01-31 09:37:30,910] multiqc                                            [DEBUG  ]  No samples found: bbmap
[2022-01-31 09:37:30,912] multiqc                                            [DEBUG  ]  No samples found: bismark
[2022-01-31 09:37:30,914] multiqc                                            [DEBUG  ]  No samples found: biscuit
[2022-01-31 09:37:30,916] multiqc                                            [DEBUG  ]  No samples found: hicexplorer
[2022-01-31 09:37:30,918] multiqc                                            [DEBUG  ]  No samples found: hicup
[2022-01-31 09:37:30,920] multiqc                                            [DEBUG  ]  No samples found: hicpro
[2022-01-31 09:37:30,922] multiqc                                            [DEBUG  ]  No samples found: salmon
[2022-01-31 09:37:30,924] multiqc                                            [DEBUG  ]  No samples found: kallisto
[2022-01-31 09:37:30,926] multiqc                                            [DEBUG  ]  No samples found: slamdunk
[2022-01-31 09:37:30,932] multiqc.modules.star.star                          [INFO   ]  Found 8 reports
[2022-01-31 09:37:30,934] multiqc                                            [DEBUG  ]  No samples found: hisat2
[2022-01-31 09:37:30,936] multiqc                                            [DEBUG  ]  No samples found: tophat
[2022-01-31 09:37:30,938] multiqc                                            [DEBUG  ]  No samples found: bowtie2
[2022-01-31 09:37:30,940] multiqc                                            [DEBUG  ]  No samples found: bowtie1
[2022-01-31 09:37:30,942] multiqc                                            [DEBUG  ]  No samples found: snpsplit
[2022-01-31 09:37:30,944] multiqc                                            [DEBUG  ]  No samples found: odgi
[2022-01-31 09:37:30,946] multiqc                                            [DEBUG  ]  No samples found: pangolin
[2022-01-31 09:37:30,948] multiqc                                            [DEBUG  ]  No samples found: kat
[2022-01-31 09:37:30,950] multiqc                                            [DEBUG  ]  No samples found: leehom
[2022-01-31 09:37:30,952] multiqc                                            [DEBUG  ]  No samples found: adapterRemoval
[2022-01-31 09:37:30,954] multiqc                                            [DEBUG  ]  No samples found: clipandmerge
[2022-01-31 09:37:30,974] multiqc.modules.cutadapt.cutadapt                  [INFO   ]  Found 16 reports
[2022-01-31 09:37:30,983] multiqc                                            [DEBUG  ]  No samples found: flexbar
[2022-01-31 09:37:30,985] multiqc                                            [DEBUG  ]  No samples found: kaiju
[2022-01-31 09:37:30,987] multiqc                                            [DEBUG  ]  No samples found: kraken
[2022-01-31 09:37:30,989] multiqc                                            [DEBUG  ]  No samples found: malt
[2022-01-31 09:37:30,991] multiqc                                            [DEBUG  ]  No samples found: trimmomatic
[2022-01-31 09:37:30,993] multiqc                                            [DEBUG  ]  No samples found: sickle
[2022-01-31 09:37:30,995] multiqc                                            [DEBUG  ]  No samples found: skewer
[2022-01-31 09:37:30,997] multiqc                                            [DEBUG  ]  No samples found: sortmerna
[2022-01-31 09:37:30,999] multiqc                                            [DEBUG  ]  No samples found: biobloomtools
[2022-01-31 09:37:31,001] multiqc                                            [DEBUG  ]  No samples found: fastq_screen
[2022-01-31 09:37:31,003] multiqc                                            [DEBUG  ]  No samples found: afterqc
[2022-01-31 09:37:31,005] multiqc                                            [DEBUG  ]  No samples found: fastp
[2022-01-31 09:37:31,065] multiqc.modules.fastqc.fastqc                      [INFO   ]  Found 32 reports
[2022-01-31 09:37:31,262] multiqc                                            [DEBUG  ]  No samples found: pychopper
[2022-01-31 09:37:31,264] multiqc                                            [DEBUG  ]  No samples found: pycoqc
[2022-01-31 09:37:31,266] multiqc                                            [DEBUG  ]  No samples found: minionqc
[2022-01-31 09:37:31,268] multiqc                                            [DEBUG  ]  No samples found: multivcfanalyzer
[2022-01-31 09:37:31,270] multiqc                                            [DEBUG  ]  No samples found: clusterflow
[2022-01-31 09:37:31,272] multiqc                                            [DEBUG  ]  No samples found: bcl2fastq
[2022-01-31 09:37:31,274] multiqc                                            [DEBUG  ]  No samples found: bclconvert
[2022-01-31 09:37:31,276] multiqc                                            [DEBUG  ]  No samples found: interop
[2022-01-31 09:37:31,278] multiqc                                            [DEBUG  ]  No samples found: ivar
[2022-01-31 09:37:31,280] multiqc                                            [DEBUG  ]  No samples found: flash
[2022-01-31 09:37:31,282] multiqc                                            [DEBUG  ]  No samples found: seqyclean
[2022-01-31 09:37:31,284] multiqc                                            [DEBUG  ]  No samples found: optitype
[2022-01-31 09:37:31,316] multiqc                                            [INFO   ]  Compressing plot data
[2022-01-31 09:37:31,727] multiqc                                            [INFO   ]  Report      : multiqc_report.html
[2022-01-31 09:37:31,727] multiqc                                            [INFO   ]  Data        : multiqc_data
[2022-01-31 09:37:31,727] multiqc                                            [DEBUG  ]  Moving data file from '/tmp/tmpl4msczhx/multiqc_data' to '/home/olkuka/Pulpit/Studia/Praca inżynierska/multiqc_data'
[2022-01-31 09:37:31,787] multiqc                                            [INFO   ]  MultiQC complete
